<?xml version="1.0" encoding="UTF-8"?>
<testng-results ignored="0" total="1" passed="1" failed="0" skipped="0">
  <reporter-output>
  </reporter-output>
  <suite started-at="2025-03-04T14:34:03 IST" name="Default suite" finished-at="2025-03-04T14:34:09 IST" duration-ms="6450">
    <groups>
    </groups>
    <test started-at="2025-03-04T14:34:03 IST" name="Default test" finished-at="2025-03-04T14:34:09 IST" duration-ms="6450">
      <class name="pages.UserListingPage">
        <test-method signature="heading()[pri:0, instance:pages.UserListingPage@2a65fe7c]" started-at="2025-03-04T14:34:03 IST" name="heading" finished-at="2025-03-04T14:34:09 IST" duration-ms="6416" status="PASS">
          <reporter-output>
          </reporter-output>
        </test-method> <!-- heading -->
      </class> <!-- pages.UserListingPage -->
    </test> <!-- Default test -->
  </suite> <!-- Default suite -->
</testng-results>
